[0m13:08:59.929239 [debug] [MainThread]: Sending event: {'category': 'dbt', 'action': 'invocation', 'label': 'start', 'context': [<snowplow_tracker.self_describing_json.SelfDescribingJson object at 0x0000028A49818E30>, <snowplow_tracker.self_describing_json.SelfDescribingJson object at 0x0000028A45779010>, <snowplow_tracker.self_describing_json.SelfDescribingJson object at 0x0000028A467151F0>]}


============================== 13:08:59.936238 | 9fa7c5f8-5fc5-4c34-927f-0f689c5cceb0 ==============================
[0m13:08:59.936238 [info ] [MainThread]: Running with dbt=1.10.15
[0m13:08:59.937241 [debug] [MainThread]: running dbt with arguments {'version_check': 'True', 'no_print': 'None', 'static_parser': 'True', 'target_path': 'None', 'warn_error_options': 'WarnErrorOptionsV2(error=[], warn=[], silence=[])', 'printer_width': '80', 'write_json': 'True', 'empty': 'None', 'log_cache_events': 'False', 'introspect': 'True', 'cache_selected_only': 'False', 'fail_fast': 'False', 'debug': 'False', 'log_format': 'default', 'partial_parse': 'True', 'send_anonymous_usage_stats': 'True', 'quiet': 'False', 'warn_error': 'None', 'profiles_dir': 'C:\\Users\\USER\\.dbt', 'indirect_selection': 'eager', 'invocation_command': 'dbt init --skip-profile-setup medical_claims_analytics', 'use_colors': 'True', 'use_experimental_parser': 'False', 'log_path': 'logs'}
[0m13:08:59.963248 [info ] [MainThread]: Creating dbt configuration folder at C:\Users\USER\.dbt
[0m13:08:59.966250 [debug] [MainThread]: Starter project path: C:\Users\USER\miniconda3\envs\dbt_env\Lib\site-packages\dbt\include\starter_project
[0m13:08:59.997776 [info ] [MainThread]: 
Your new dbt project "medical_claims_analytics" was created!

For more information on how to configure the profiles.yml file,
please consult the dbt documentation here:

  https://docs.getdbt.com/docs/configure-your-profile

One more thing:

Need help? Don't hesitate to reach out to us via GitHub issues or on Slack:

  https://community.getdbt.com/

Happy modeling!

[0m13:08:59.998772 [debug] [MainThread]: Command `dbt init` succeeded at 13:08:59.998772 after 0.20 seconds
[0m13:08:59.999771 [debug] [MainThread]: Sending event: {'category': 'dbt', 'action': 'invocation', 'label': 'end', 'context': [<snowplow_tracker.self_describing_json.SelfDescribingJson object at 0x0000028A49519EB0>, <snowplow_tracker.self_describing_json.SelfDescribingJson object at 0x0000028A4AA28230>, <snowplow_tracker.self_describing_json.SelfDescribingJson object at 0x0000028A492ECC20>]}
[0m13:08:59.999771 [debug] [MainThread]: Flushing usage events
[0m13:09:00.836085 [debug] [MainThread]: An error was encountered while trying to flush usage events
[0m19:32:35.003890 [debug] [MainThread]: Got an exception trying to initialize tracking


============================== 19:32:35.112175 | db5c9b15-9245-4994-8c96-fea48c3fafd4 ==============================
[0m19:32:35.112175 [info ] [MainThread]: Running with dbt=1.10.15
[0m19:32:35.113185 [debug] [MainThread]: running dbt with arguments {'version_check': 'True', 'no_print': 'None', 'static_parser': 'True', 'warn_error_options': 'WarnErrorOptionsV2(error=[], warn=[], silence=[])', 'target_path': 'None', 'printer_width': '80', 'write_json': 'True', 'empty': 'False', 'log_cache_events': 'False', 'introspect': 'True', 'cache_selected_only': 'False', 'log_format': 'default', 'debug': 'False', 'fail_fast': 'False', 'partial_parse': 'True', 'send_anonymous_usage_stats': 'True', 'quiet': 'False', 'warn_error': 'None', 'profiles_dir': 'C:\\Users\\USER\\.dbt', 'indirect_selection': 'eager', 'invocation_command': 'dbt run --select marts.* --full-refresh', 'use_colors': 'True', 'use_experimental_parser': 'False', 'log_path': 'logs'}
[0m19:32:35.114185 [error] [MainThread]: Encountered an error:
Runtime Error
  No dbt_project.yml found at expected path E:\projects\INST754\dbt_project.yml
  Verify that each entry within packages.yml (and their transitive dependencies) contains a file named dbt_project.yml
  
[0m19:32:35.115701 [debug] [MainThread]: Command `dbt run` failed at 19:32:35.115185 after 0.18 seconds
[0m19:32:35.115701 [debug] [MainThread]: Flushing usage events
